::1 - - [13/May/2020:16:06:23 +0000] "GET /api/v1/ HTTP/1.1" 500 1705 "-" "PostmanRuntime/7.22.0"
::1 - - [13/May/2020:16:06:51 +0000] "GET /api/v1/ HTTP/1.1" 500 1705 "-" "PostmanRuntime/7.22.0"
::1 - - [13/May/2020:16:07:41 +0000] "GET /api/v1/ HTTP/1.1" 200 55 "-" "PostmanRuntime/7.22.0"
::1 - - [18/May/2020:11:33:06 +0000] "GET /api/v1/ HTTP/1.1" 404 146 "-" "PostmanRuntime/7.22.0"
::1 - - [18/May/2020:11:35:07 +0000] "GET / HTTP/1.1" 200 57 "-" "PostmanRuntime/7.22.0"
::1 - - [18/May/2020:11:37:17 +0000] "GET /api/v1/ HTTP/1.1" 404 146 "-" "PostmanRuntime/7.22.0"
::1 - - [18/May/2020:11:39:18 +0000] "GET /api/v1/ HTTP/1.1" 404 146 "-" "PostmanRuntime/7.22.0"
::1 - - [18/May/2020:13:32:03 +0000] "GET /api/v1/user/all HTTP/1.1" 404 154 "-" "PostmanRuntime/7.22.0"
::1 - - [18/May/2020:13:33:50 +0000] "GET /api/v1//user/all HTTP/1.1" 200 191 "-" "PostmanRuntime/7.22.0"
::1 - - [18/May/2020:13:35:16 +0000] "GET /api/v1/user/all/34 HTTP/1.1" 404 157 "-" "PostmanRuntime/7.22.0"
::1 - - [18/May/2020:13:35:25 +0000] "GET /api/v1/user/all=34 HTTP/1.1" 404 157 "-" "PostmanRuntime/7.22.0"
::1 - - [18/May/2020:13:35:38 +0000] "GET /api/v1/user/all?val=34 HTTP/1.1" 200 191 "-" "PostmanRuntime/7.22.0"
::1 - - [18/May/2020:13:35:56 +0000] "GET /api/v1/user/all?limit=10 HTTP/1.1" 200 191 "-" "PostmanRuntime/7.22.0"
::1 - - [19/May/2020:01:26:07 +0000] "GET /api/v1/login HTTP/1.1" 404 151 "-" "PostmanRuntime/7.22.0"
::1 - - [19/May/2020:11:12:27 +0000] "GET /api/v1//login HTTP/1.1" 404 152 "-" "PostmanRuntime/7.22.0"
::1 - - [19/May/2020:11:27:05 +0000] "GET /api/v1/user/login HTTP/1.1" 404 156 "-" "PostmanRuntime/7.22.0"
::1 - - [19/May/2020:11:27:55 +0000] "POST /api/v1/user/login HTTP/1.1" 404 157 "-" "PostmanRuntime/7.22.0"
::1 - - [19/May/2020:11:35:46 +0000] "POST /api/v1/user/ HTTP/1.1" 404 152 "-" "PostmanRuntime/7.22.0"
::1 - - [19/May/2020:11:35:54 +0000] "POST /api/v1/user/ HTTP/1.1" 404 152 "-" "PostmanRuntime/7.22.0"
::1 - - [19/May/2020:11:58:40 +0000] "POST /api/v1//user/ HTTP/1.1" 404 153 "-" "PostmanRuntime/7.22.0"
::1 - - [19/May/2020:11:58:47 +0000] "GET /api/v1/user/all?limit=10 HTTP/1.1" 200 191 "-" "PostmanRuntime/7.22.0"
::1 - - [19/May/2020:11:58:55 +0000] "POST /api/v1/user/all HTTP/1.1" 404 155 "-" "PostmanRuntime/7.22.0"
::1 - - [19/May/2020:11:58:56 +0000] "POST /api/v1/user/all HTTP/1.1" 404 155 "-" "PostmanRuntime/7.22.0"
::1 - - [19/May/2020:11:59:01 +0000] "GET /api/v1/user/all HTTP/1.1" 200 191 "-" "PostmanRuntime/7.22.0"
::1 - - [19/May/2020:12:11:26 +0000] "GET /api/v1/user/all HTTP/1.1" 404 154 "-" "PostmanRuntime/7.22.0"
::1 - - [19/May/2020:12:18:48 +0000] "GET /api/v1/user/all HTTP/1.1" 404 154 "-" "PostmanRuntime/7.22.0"
::1 - - [19/May/2020:21:49:59 +0000] "POST /api/v1/user/login HTTP/1.1" 404 157 "-" "PostmanRuntime/7.22.0"
::1 - - [19/May/2020:21:50:30 +0000] "POST /api/v1/user/ HTTP/1.1" 404 152 "-" "PostmanRuntime/7.22.0"
::1 - - [19/May/2020:21:50:45 +0000] "GET /api/v1/user/ HTTP/1.1" 404 151 "-" "PostmanRuntime/7.22.0"
::1 - - [19/May/2020:21:55:21 +0000] "POST /api/v1/user/register HTTP/1.1" 400 29 "-" "PostmanRuntime/7.22.0"
::1 - - [19/May/2020:21:58:40 +0000] "POST /api/v1/user/register HTTP/1.1" 400 23 "-" "PostmanRuntime/7.22.0"
::1 - - [19/May/2020:22:00:21 +0000] "POST /api/v1/user/register HTTP/1.1" 400 26 "-" "PostmanRuntime/7.22.0"
::1 - - [19/May/2020:22:03:31 +0000] "POST /api/v1/user/register HTTP/1.1" - - "-" "PostmanRuntime/7.22.0"
::1 - - [19/May/2020:22:14:44 +0000] "POST /api/v1/user/register HTTP/1.1" 400 22 "-" "PostmanRuntime/7.22.0"
::1 - - [19/May/2020:22:17:58 +0000] "POST /api/v1/user/register HTTP/1.1" 500 72 "-" "PostmanRuntime/7.22.0"
::1 - - [19/May/2020:22:34:46 +0000] "POST /api/v1/user/register HTTP/1.1" 200 138 "-" "PostmanRuntime/7.22.0"
::1 - - [19/May/2020:22:45:24 +0000] "GET /api/v1/user/ HTTP/1.1" - - "-" "PostmanRuntime/7.22.0"
::1 - - [19/May/2020:23:24:57 +0000] "GET /api/v1/user/login HTTP/1.1" 404 156 "-" "PostmanRuntime/7.22.0"
::1 - - [19/May/2020:23:29:26 +0000] "GET /api/v1/user/login HTTP/1.1" 404 156 "-" "PostmanRuntime/7.22.0"
::1 - - [19/May/2020:23:30:14 +0000] "POST /api/v1/user/login HTTP/1.1" 200 319 "-" "PostmanRuntime/7.22.0"
::1 - - [19/May/2020:23:36:04 +0000] "POST /api/v1/user/login HTTP/1.1" 200 319 "-" "PostmanRuntime/7.22.0"
::1 - - [19/May/2020:23:37:53 +0000] "POST /api/v1/user/login HTTP/1.1" 200 319 "-" "PostmanRuntime/7.22.0"
::1 - - [19/May/2020:23:44:31 +0000] "POST /api/v1/user/login HTTP/1.1" 200 319 "-" "PostmanRuntime/7.22.0"
::1 - - [19/May/2020:23:46:56 +0000] "POST /api/v1/user/login HTTP/1.1" 200 319 "-" "PostmanRuntime/7.22.0"
::1 - - [19/May/2020:23:48:23 +0000] "POST /api/v1/user/login HTTP/1.1" 404 103 "-" "PostmanRuntime/7.22.0"
::1 - - [19/May/2020:23:48:43 +0000] "POST /api/v1/user/login HTTP/1.1" 200 319 "-" "PostmanRuntime/7.22.0"
::1 - - [19/May/2020:23:58:16 +0000] "POST /api/v1/user/login HTTP/1.1" 401 73 "-" "PostmanRuntime/7.22.0"
::1 - - [19/May/2020:23:58:35 +0000] "POST /api/v1/user/login HTTP/1.1" 200 319 "-" "PostmanRuntime/7.22.0"
::1 - - [19/May/2020:23:58:45 +0000] "POST /api/v1/user/login HTTP/1.1" 401 73 "-" "PostmanRuntime/7.22.0"
